<?xml version="1.0" encoding="UTF-8"?>
<testsuite name="EncryptTest" tests="3" skipped="0" failures="0" errors="0" timestamp="2020-06-30T13:13:20" hostname="moringa-ThinkPad-T450" time="0.003">
  <properties/>
  <testcase name="encrypt" classname="EncryptTest" time="0.001"/>
  <testcase name="runEncrypt_ifInputIsString" classname="EncryptTest" time="0.002"/>
  <testcase name="runDecrypt_ifKeyIsInt" classname="EncryptTest" time="0.0"/>
  <system-out><![CDATA[]]></system-out>
  <system-err><![CDATA[]]></system-err>
</testsuite>
