<?xml version="1.0" encoding="UTF-8"?>
<testsuite name="EncryptTest" tests="1" skipped="0" failures="0" errors="0" timestamp="2020-06-30T13:08:47" hostname="moringa-ThinkPad-T450" time="0.002">
  <properties/>
  <testcase name="runEncrypt_ifInputIsString" classname="EncryptTest" time="0.002"/>
  <system-out><![CDATA[]]></system-out>
  <system-err><![CDATA[]]></system-err>
</testsuite>
